\BOOKMARK [1][-]{section.1}{RECOMMENDATION FOR THE ORAL DEFENSE}{}% 1
\BOOKMARK [1][-]{section.2}{RESULTS OF FINAL DEFENSE}{}% 2
\BOOKMARK [1][-]{section.3}{APPROVAL SHEET}{}% 3
\BOOKMARK [1][-]{section.4}{CONTENT ADVISER'S CERTIFICATION}{}% 4
\BOOKMARK [1][-]{section.5}{PROGRAMMING ADVISER'S CERTIFICATION}{}% 5
\BOOKMARK [1][-]{section.6}{EDITOR'S CERTIFICATION}{}% 6
\BOOKMARK [1][-]{section.7}{ACKNOWLEDGEMENT}{}% 7
\BOOKMARK [1][-]{section.8}{ABSTRACT}{}% 8
\BOOKMARK [0][-]{section.8}{ CHAPTER 1 \040 INTRODUCTION \040}{}% 9
\BOOKMARK [1][-]{subsection.8.1}{Introduction}{section.8}% 10
\BOOKMARK [2][-]{subsection.8.2}{Significance of the Research}{subsection.8.1}% 11
\BOOKMARK [2][-]{subsection.8.3}{Objectives of the Project}{subsection.8.1}% 12
\BOOKMARK [2][-]{subsection.8.4}{Scope and Limitations of the Project}{subsection.8.1}% 13
\BOOKMARK [2][-]{subsection.8.5}{Definition of Terms}{subsection.8.1}% 14
\BOOKMARK [0][-]{subsection.8.5}{ CHAPTER 2 \040 RELATED LITERATURE AND STUDIES \040}{}% 15
\BOOKMARK [1][-]{subsection.8.6}{Technical Background}{subsection.8.5}% 16
\BOOKMARK [2][-]{subsection.8.7}{Synthesis}{subsection.8.6}% 17
\BOOKMARK [0][-]{subsection.8.7}{ CHAPTER 3 \040 METHODOLOGY \040}{}% 18
\BOOKMARK [1][-]{subsection.8.8}{Research Methodology}{subsection.8.7}% 19
\BOOKMARK [2][-]{subsection.8.9}{Design of Software}{subsection.8.8}% 20
\BOOKMARK [0][-]{table.caption.2}{ CHAPTER 4 \040 RESULTS AND DISCUSSION \040}{}% 21
\BOOKMARK [1][-]{subsection.8.10}{Features of the Develop NLP Tool / Game / Application}{table.caption.2}% 22
\BOOKMARK [2][-]{subsection.8.11}{Algorithm used for the Developed System / Application to achieve the necessary functions or output/s of the study.}{subsection.8.10}% 23
\BOOKMARK [2][-]{subsection.8.12}{Performance Evaluation of the Classification Models using accuracy, precision F measures and recall metrics. }{subsection.8.10}% 24
\BOOKMARK [0][-]{table.caption.4}{ \040CHAPTER 5 \040 SUMMARY, FINDINGS, CONCLUSIONS AND \040 \040RECOMMENDATIONS \040}{}% 25
\BOOKMARK [1][-]{subsection.8.13}{Summary of Findings and Accomplishments}{table.caption.4}% 26
\BOOKMARK [2][-]{subsection.8.14}{ Conclusions}{subsection.8.13}% 27
\BOOKMARK [2][-]{subsection.8.15}{ Recommendations}{subsection.8.13}% 28
\BOOKMARK [1][-]{section.9}{BIBLIOGRAPHY}{table.caption.4}% 29
\BOOKMARK [1][-]{section.10}{APPENDICES}{table.caption.4}% 30
\BOOKMARK [1][-]{section.11}{CURRICULUM VITAE}{table.caption.4}% 31
